2025-04-24 01:19:13,050 INFO: Portfolio contains 4 assets [in C:\Users\yagye\OneDrive\Desktop\exp\proj\app.py:499]
2025-04-24 01:19:13,177 INFO: Using Mean-Variance optimization [in C:\Users\yagye\OneDrive\Desktop\exp\proj\app.py:510]
2025-04-24 01:19:13,183 INFO: Portfolio return: 13.53%, Portfolio volatility: 26.29%, Sharpe ratio: 0.44 [in C:\Users\yagye\OneDrive\Desktop\exp\proj\app.py:530]
2025-04-24 01:19:36,161 INFO: Application startup [in C:\Users\yagye\OneDrive\Desktop\exp\proj\app.py:92]
2025-04-24 01:19:37,099 INFO: Optimizing portfolio for tickers: ['AAPL', 'MSFT', 'GOOG', 'AMZN'] with risk preference: Moderate using mvo method [in C:\Users\yagye\OneDrive\Desktop\exp\proj\app.py:483]
2025-04-24 01:19:40,021 INFO: Portfolio contains 4 assets [in C:\Users\yagye\OneDrive\Desktop\exp\proj\app.py:499]
2025-04-24 01:19:40,033 INFO: Using Mean-Variance optimization [in C:\Users\yagye\OneDrive\Desktop\exp\proj\app.py:510]
2025-04-24 01:19:40,038 INFO: Portfolio return: 13.75%, Portfolio volatility: 27.53%, Sharpe ratio: 0.43 [in C:\Users\yagye\OneDrive\Desktop\exp\proj\app.py:530]
2025-04-24 01:24:40,981 INFO: Application startup [in C:\Users\yagye\OneDrive\Desktop\exp\proj\app.py:92]
2025-04-24 01:25:01,073 INFO: Application startup [in C:\Users\yagye\OneDrive\Desktop\exp\proj\app.py:92]
2025-04-24 01:26:55,453 INFO: Application startup [in C:\Users\yagye\OneDrive\Desktop\exp\proj\app.py:92]
2025-04-24 01:27:55,700 INFO: Application startup [in C:\Users\yagye\OneDrive\Desktop\exp\proj\app.py:92]
2025-04-24 01:28:15,006 INFO: Application startup [in C:\Users\yagye\OneDrive\Desktop\exp\proj\app.py:92]
2025-04-24 01:29:07,481 INFO: Application startup [in C:\Users\yagye\OneDrive\Desktop\exp\proj\app.py:92]
2025-04-24 01:29:36,258 INFO: Application startup [in C:\Users\yagye\OneDrive\Desktop\exp\proj\app.py:92]
2025-04-24 01:31:08,124 INFO: Application startup [in C:\Users\yagye\OneDrive\Desktop\exp\proj\app.py:92]
2025-04-24 01:40:32,829 INFO: Application startup [in C:\Users\yagye\OneDrive\Desktop\exp\proj\app.py:92]
2025-04-24 01:44:06,012 INFO: Application startup [in C:\Users\yagye\OneDrive\Desktop\exp\proj\app.py:92]
2025-04-24 01:44:21,779 INFO: Application startup [in C:\Users\yagye\OneDrive\Desktop\exp\proj\app.py:92]
2025-04-24 01:45:07,320 INFO: Application startup [in C:\Users\yagye\OneDrive\Desktop\exp\proj\app.py:92]
2025-04-24 01:46:07,435 INFO: Application startup [in C:\Users\yagye\OneDrive\Desktop\exp\proj\app.py:92]
2025-04-24 01:46:21,518 INFO: Application startup [in C:\Users\yagye\OneDrive\Desktop\exp\proj\app.py:92]
2025-04-24 02:02:15,067 INFO: Application startup [in C:\Users\yagye\OneDrive\Desktop\exp\proj\app.py:92]
2025-04-24 02:02:38,321 INFO: Application startup [in C:\Users\yagye\OneDrive\Desktop\exp\proj\app.py:92]
2025-04-24 02:03:42,737 INFO: Application startup [in C:\Users\yagye\OneDrive\Desktop\exp\proj\app.py:92]
2025-04-24 02:03:59,240 INFO: Application startup [in C:\Users\yagye\OneDrive\Desktop\exp\proj\app.py:92]
2025-04-24 02:41:36,164 INFO: Application startup [in C:\Users\yagye\OneDrive\Desktop\exp\proj\app.py:92]
2025-04-24 02:41:53,275 INFO: Application startup [in C:\Users\yagye\OneDrive\Desktop\exp\proj\app.py:92]
2025-04-24 02:42:46,014 INFO: Application startup [in C:\Users\yagye\OneDrive\Desktop\exp\proj\app.py:92]
2025-04-24 02:45:25,547 INFO: Application startup [in C:\Users\yagye\OneDrive\Desktop\exp\proj\app.py:92]
2025-04-24 02:48:16,057 INFO: Application startup [in C:\Users\yagye\OneDrive\Desktop\exp\proj\app.py:92]
2025-04-24 02:48:36,252 INFO: Application startup [in C:\Users\yagye\OneDrive\Desktop\exp\proj\app.py:92]
2025-04-24 02:51:41,215 INFO: Application startup [in C:\Users\yagye\OneDrive\Desktop\exp\proj\app.py:92]
2025-04-24 02:52:15,285 INFO: Application startup [in C:\Users\yagye\OneDrive\Desktop\exp\proj\app.py:92]
2025-04-24 02:52:32,622 INFO: Application startup [in C:\Users\yagye\OneDrive\Desktop\exp\proj\app.py:92]
